<?xml version="1.0" encoding="UTF-8"?>
<!-- Generated by org.testng.reporters.JUnitReportReporter -->
<testsuite hostname="DELL-TAEL31S" failures="0" tests="1" name="com.testscenarios.Random_class_womenstore" time="3.199" errors="0" timestamp="2021-08-12T04:08:38 IST" skipped="0">
  <testcase classname="com.testscenarios.Random_class_womenstore" name="f" time="3.199"/>
  <system-out/>
</testsuite> <!-- com.testscenarios.Random_class_womenstore -->
