<?xml version="1.0" encoding="UTF-8"?>
<!-- Generated by org.testng.reporters.JUnitReportReporter -->
<testsuite hostname="DELL-TAEL31S" failures="0" tests="1" name="com.testscenarios.Switchtab_stqa" time="20.967" errors="0" timestamp="2021-08-27T21:13:20 IST" skipped="0">
  <testcase classname="com.testscenarios.Switchtab_stqa" name="f" time="20.967"/>
  <system-out/>
</testsuite> <!-- com.testscenarios.Switchtab_stqa -->
