<?xml version="1.0" encoding="UTF-8"?>
<!-- Generated by org.testng.reporters.JUnitReportReporter -->
<testsuite skipped="0" hostname="DELL-TAEL31S" name="com.testscenarios.Switchtab_stqa" tests="1" failures="0" timestamp="2021-08-27T23:10:12 IST" time="21.305" errors="0">
  <testcase name="f" time="21.305" classname="com.testscenarios.Switchtab_stqa"/>
  <system-out/>
</testsuite> <!-- com.testscenarios.Switchtab_stqa -->
